

Microchip MPLAB XC8 Assembler V2.30 build 20200825195618 
                                                                                                           Thu Oct 22 10:25:36 2020


     1                           	processor	18F4520
     2                           	pagewidth 132
     3                           	opt	flic
     4                           	psect	udata_acs,global,class=COMRAM,space=1,delta=1,lowdata,noexec
     5                           	psect	udata_bank0,global,class=BANK0,space=1,delta=1,lowdata,noexec
     6                           	psect	udata_bank1,global,class=BANK1,space=1,delta=1,lowdata,noexec
     7                           	psect	udata_bank2,global,class=BANK2,space=1,delta=1,lowdata,noexec
     8                           	psect	udata_bank3,global,class=BANK3,space=1,delta=1,lowdata,noexec
     9                           	psect	udata_bank4,global,class=BANK4,space=1,delta=1,lowdata,noexec
    10                           	psect	udata_bank5,global,class=BANK5,space=1,delta=1,lowdata,noexec
    11                           	psect	udata,global,class=RAM,space=1,delta=1,noexec
    12                           	psect	code,global,reloc=2,class=CODE,delta=1
    13                           	psect	data,global,reloc=2,class=CONST,delta=1,noexec
    14                           	psect	edata,global,class=EEDATA,space=3,delta=2,noexec
    15                           	psect	mytext,local,reloc=2,class=CODE,delta=1
    16  0000                     
    17                           	psect	edata
    18  0000                     stk_offset	set	0
    19  0000                     auto_size	set	0
    20                           
    21                           ; stack_auto defines a symbol /name/_offset which equates to the
    22                           ; stack offset of the auto object in question
    23  000000                     
    24                           ; stack_param defines a symbol /name/_offset which equates to the
    25                           ; stack offset of the parameter object in question
    26  000000                     
    27                           ; alloc_stack adjusts the SP to allocate space for auto objects
    28                           ; it also links in to the btemp symbol so that can be used
    29  000000                     
    30                           ; restore_stack adjusts the SP to remove all auto and parameter
    31                           ; objects from the stack prior to returning from a function
    32  000000                     
    33                           	psect	mytext
    34  007FBE                     _divide:
    35                           	callstack 0
    36  007FBE  6A93               	clrf	3987,c
    37  007FC0  0E08               	movlw	8
    38  007FC2  6E93               	movwf	3987,c
    39  007FC4  6AE8               	clrf	wreg,c
    40  007FC6  C001 FF8A          	movff	1,3978
    41  007FCA  C002 FF8B          	movff	2,3979
    42  007FCE  5003               	movf	3,w,c
    43  007FD0  D80B               	rcall	shift
    44  007FD2                     compare:
    45  007FD2  608B               	cpfslt	3979,c
    46  007FD4  D003               	goto	sub
    47  007FD6  D808               	rcall	shift
    48  007FD8  908A               	bcf	3978,0,c
    49  007FDA  D003               	goto	loop
    50  007FDC                     sub:
    51  007FDC  5E8B               	subwf	3979,f,c
    52  007FDE  D804               	rcall	shift
    53  007FE0  808A               	bsf	3978,0,c
    54  007FE2                     loop:
    55  007FE2  2E93               	decfsz	3987,f,c
    56  007FE4  D7F6               	goto	compare
    57  007FE6  D003               	goto	Finish
    58  007FE8                     shift:
    59  007FE8  368A               	rlcf	3978,f,c
    60  007FEA  368B               	rlcf	3979,f,c
    61  007FEC  0012               	return	
    62  007FEE                     Finish:
    63  007FEE  428B               	rrncf	3979,f,c
    64  007FF0  9E8B               	bcf	3979,7,c
    65  007FF2  CF8A F001          	movff	3978,1
    66  007FF6  CF8B F002          	movff	3979,2
    67  007FFA  CFE8 F003          	movff	wreg,3
    68  007FFE  0012               	return	
    69                           tosu	equ	0xFFF
    70                           tosh	equ	0xFFE
    71                           tosl	equ	0xFFD
    72                           stkptr	equ	0xFFC
    73                           pclatu	equ	0xFFB
    74                           pclath	equ	0xFFA
    75                           pcl	equ	0xFF9
    76                           tblptru	equ	0xFF8
    77                           tblptrh	equ	0xFF7
    78                           tblptrl	equ	0xFF6
    79                           tablat	equ	0xFF5
    80                           prodh	equ	0xFF4
    81                           prodl	equ	0xFF3
    82                           indf0	equ	0xFEF
    83                           postinc0	equ	0xFEE
    84                           postdec0	equ	0xFED
    85                           preinc0	equ	0xFEC
    86                           plusw0	equ	0xFEB
    87                           fsr0h	equ	0xFEA
    88                           fsr0l	equ	0xFE9
    89                           wreg	equ	0xFE8
    90                           indf1	equ	0xFE7
    91                           postinc1	equ	0xFE6
    92                           postdec1	equ	0xFE5
    93                           preinc1	equ	0xFE4
    94                           plusw1	equ	0xFE3
    95                           fsr1h	equ	0xFE2
    96                           fsr1l	equ	0xFE1
    97                           bsr	equ	0xFE0
    98                           indf2	equ	0xFDF
    99                           postinc2	equ	0xFDE
   100                           postdec2	equ	0xFDD
   101                           preinc2	equ	0xFDC
   102                           plusw2	equ	0xFDB
   103                           fsr2h	equ	0xFDA
   104                           fsr2l	equ	0xFD9
   105                           status	equ	0xFD8


Microchip Technology PIC18 Macro Assembler V2.30 build 20200825195618 
Symbol Table                                                                                               Thu Oct 22 10:25:36 2020

                         sub 7FDC                          LATB 000F8A                          LATC 000F8B  
                        WREG 000FE8                          loop 7FE2                         TRISB 000F93  
                       shift 7FE8                        Finish 7FEE                       _divide 7FBE  
                     compare 7FD2  
