

Microchip MPLAB XC8 Assembler V2.30 build 20200825195618 
                                                                                               Wed Jan 06 22:03:32 2021

Microchip MPLAB XC8 C Compiler v2.30 (Free license) build 20200825195618 Og1 
     1                           	processor	18F4520
     2                           	fnconf	rparam,??,?,0
     3                           	pagewidth 120
     4                           	opt	flic
     5                           	psect	cinit,global,reloc=2,class=CODE,delta=1
     6                           	psect	cstackCOMRAM,global,class=COMRAM,space=1,delta=1,lowdata,noexec
     7                           	psect	text0,global,reloc=2,class=CODE,delta=1
     8                           	psect	intsave_regs,global,class=BIGRAM,space=1,delta=1,noexec
     9                           	psect	rparam,global,class=COMRAM,space=1,delta=1,noexec
    10                           	psect	idloc,global,abs,ovrld,class=IDLOC,space=5,delta=1,noexec
    11                           	psect	config,global,abs,ovrld,class=CONFIG,space=4,delta=1,noexec
    12  0000                     
    13                           ; Version 2.30
    14                           ; Generated 26/08/2020 GMT
    15                           ; 
    16                           ; Copyright © 2020, Microchip Technology Inc. and its subsidiaries ("Microchip")
    17                           ; All rights reserved.
    18                           ; 
    19                           ; This software is developed by Microchip Technology Inc. and its subsidiaries ("Microch
      +                          ip").
    20                           ; 
    21                           ; Redistribution and use in source and binary forms, with or without modification, are
    22                           ; permitted provided that the following conditions are met:
    23                           ; 
    24                           ;     1. Redistributions of source code must retain the above copyright notice, this lis
      +                          t of
    25                           ;        conditions and the following disclaimer.
    26                           ; 
    27                           ;     2. Redistributions in binary form must reproduce the above copyright notice, this 
      +                          list
    28                           ;        of conditions and the following disclaimer in the documentation and/or other
    29                           ;        materials provided with the distribution. Publication is not required when
    30                           ;        this file is used in an embedded application.
    31                           ; 
    32                           ;     3. Microchip's name may not be used to endorse or promote products derived from th
      +                          is
    33                           ;        software without specific prior written permission.
    34                           ; 
    35                           ; THIS SOFTWARE IS PROVIDED BY MICROCHIP "AS IS" AND ANY EXPRESS OR IMPLIED WARRANTIES,
    36                           ; INCLUDING, BUT NOT LIMITED TO, THE IMPLIED WARRANTIES OF MERCHANTABILITY AND FITNESS F
      +                          OR
    37                           ; PURPOSE ARE DISCLAIMED.  IN NO EVENT SHALL MICROCHIP BE LIABLE FOR ANY DIRECT, INDIREC
      +                          T,
    38                           ; INCIDENTAL, SPECIAL, EXEMPLARY, OR CONSEQUENTIAL DAMAGES (INCLUDING BUT NOT LIMITED TO
    39                           ; PROCUREMENT OF SUBSTITUTE GOODS OR SERVICES; LOSS OF USE, DATA OR PROFITS; OR BUSINESS
    40                           ; INTERRUPTION) HOWSOEVER CAUSED AND ON ANY THEORY OF LIABILITY, WHETHER IN CONTRACT, ST
      +                          RICT
    41                           ; LIABILITY, OR TORT (INCLUDING NEGLIGENCE OR OTHERWISE) ARISING IN ANY WAY OUT OF THE U
      +                          SE OF
    42                           ; THIS SOFTWARE, EVEN IF ADVISED OF THE POSSIBILITY OF SUCH DAMAGE.
    43                           ; 
    44                           ; 
    45                           ; Code-generator required, PIC18F4520 Definitions
    46                           ; 
    47                           ; SFR Addresses
    48  0000                     _PORTBbits	set	3969
    49  0000                     _PORTB	set	3969
    50  0000                     _TRISB	set	3987
    51  0000                     _LATC	set	3979
    52  0000                     _TRISC	set	3988
    53  0000                     _CCPR1L	set	4030
    54  0000                     _PR2	set	4043
    55  0000                     _CCP1CONbits	set	4029
    56  0000                     _OSCCONbits	set	4051
    57  0000                     _T2CON	set	4042
    58                           
    59                           ; #config settings
    60                           
    61                           	psect	cinit
    62  007B64                     __pcinit:
    63                           	callstack 0
    64  007B64                     start_initialization:
    65                           	callstack 0
    66  007B64                     __initialization:
    67                           	callstack 0
    68  007B64                     end_of_initialization:
    69                           	callstack 0
    70  007B64                     __end_of__initialization:
    71                           	callstack 0
    72  007B64  0100               	movlb	0
    73  007B66  EFB5  F03D         	goto	_main	;jump to C main() function
    74                           
    75                           	psect	cstackCOMRAM
    76  000001                     __pcstackCOMRAM:
    77                           	callstack 0
    78  000001                     ??_main:
    79                           
    80                           ; 1 bytes @ 0x0
    81  000001                     	ds	3
    82  000004                     main@rec:
    83                           	callstack 0
    84                           
    85                           ; 2 bytes @ 0x3
    86  000004                     	ds	2
    87  000006                     main@i:
    88                           	callstack 0
    89                           
    90                           ; 2 bytes @ 0x5
    91  000006                     	ds	2
    92  000008                     main@j:
    93                           	callstack 0
    94                           
    95                           ; 2 bytes @ 0x7
    96  000008                     	ds	2
    97                           
    98 ;;
    99 ;;Main: autosize = 0, tempsize = 1, incstack = 0, save=0
   100 ;;
   101 ;; *************** function _main *****************
   102 ;; Defined at:
   103 ;;		line 20 in file "lab9.c"
   104 ;; Parameters:    Size  Location     Type
   105 ;;		None
   106 ;; Auto vars:     Size  Location     Type
   107 ;;  j               2    7[COMRAM] int 
   108 ;;  i               2    5[COMRAM] int 
   109 ;;  rec             2    3[COMRAM] int 
   110 ;;  state           2    0        int 
   111 ;; Return value:  Size  Location     Type
   112 ;;                  1    wreg      void 
   113 ;; Registers used:
   114 ;;		wreg, status,2, status,0
   115 ;; Tracked objects:
   116 ;;		On entry : 0/0
   117 ;;		On exit  : 0/0
   118 ;;		Unchanged: 0/0
   119 ;; Data sizes:     COMRAM   BANK0   BANK1   BANK2   BANK3   BANK4   BANK5
   120 ;;      Params:         0       0       0       0       0       0       0
   121 ;;      Locals:         8       0       0       0       0       0       0
   122 ;;      Temps:          1       0       0       0       0       0       0
   123 ;;      Totals:         9       0       0       0       0       0       0
   124 ;;Total ram usage:        9 bytes
   125 ;; This function calls:
   126 ;;		Nothing
   127 ;; This function is called by:
   128 ;;		Startup code after reset
   129 ;; This function uses a non-reentrant model
   130 ;;
   131                           
   132                           	psect	text0
   133  007B6A                     __ptext0:
   134                           	callstack 0
   135  007B6A                     _main:
   136                           	callstack 31
   137  007B6A                     
   138                           ;lab9.c: 22: 
   139  007B6A  0E7D               	movlw	125
   140  007B6C  6ECA               	movwf	202,c	;volatile
   141                           
   142                           ;lab9.c: 25: 
   143  007B6E  50D3               	movf	211,w,c	;volatile
   144  007B70  0B8F               	andlw	-113
   145  007B72  0910               	iorlw	16
   146  007B74  6ED3               	movwf	211,c	;volatile
   147                           
   148                           ;lab9.c: 28:     while(1){
   149  007B76  50BD               	movf	189,w,c	;volatile
   150  007B78  0BF0               	andlw	-16
   151  007B7A  090C               	iorlw	12
   152  007B7C  6EBD               	movwf	189,c	;volatile
   153                           
   154                           ;lab9.c: 31:             int i=0,j=0;
   155  007B7E  0E00               	movlw	0
   156  007B80  6E94               	movwf	148,c	;volatile
   157                           
   158                           ;lab9.c: 32: 
   159  007B82  0E00               	movlw	0
   160  007B84  6E8B               	movwf	139,c	;volatile
   161                           
   162                           ;lab9.c: 33:             for(i=1;i<19;i++){
   163  007B86  0E01               	movlw	1
   164  007B88  6E93               	movwf	147,c	;volatile
   165                           
   166                           ;lab9.c: 34:                 if(rec == 1){
   167  007B8A  0E00               	movlw	0
   168  007B8C  6E81               	movwf	129,c	;volatile
   169  007B8E                     
   170                           ;lab9.c: 35:                     CCP1CONbits.DC1B = 0b11;
   171  007B8E  9081               	bcf	129,0,c	;volatile
   172                           
   173                           ;lab9.c: 38:                         if(j==0){
   174  007B90  0E9B               	movlw	155
   175  007B92  6ECB               	movwf	203,c	;volatile
   176                           
   177                           ;lab9.c: 43:                              _delay((unsigned long)((50)*(200000/4000.0)));
   178  007B94  0E01               	movlw	1
   179  007B96  6EBE               	movwf	190,c	;volatile
   180                           
   181                           ;lab9.c: 44:                             CCP1CONbits.DC1B = 0b01;
   182  007B98  0E30               	movlw	48
   183  007B9A  12BD               	iorwf	189,f,c	;volatile
   184                           
   185                           ;lab9.c: 47:                             _delay((unsigned long)((50)*(200000/4000.0)));
   186  007B9C  0E00               	movlw	0
   187  007B9E  6E05               	movwf	(main@rec+1)^0,c
   188  007BA0  0E00               	movlw	0
   189  007BA2  6E04               	movwf	main@rec^0,c
   190  007BA4                     l734:
   191                           
   192                           ;lab9.c: 49:                         }
   193  007BA4  0481               	decf	129,w,c	;volatile
   194  007BA6  A4D8               	btfss	status,2,c
   195  007BA8  EFD8  F03D         	goto	u11
   196  007BAC  EFDA  F03D         	goto	u10
   197  007BB0                     u11:
   198  007BB0  EFD2  F03D         	goto	l734
   199  007BB4                     u10:
   200  007BB4                     
   201                           ;lab9.c: 50:                         if(j==3){
   202  007BB4  0E00               	movlw	0
   203  007BB6  6E81               	movwf	129,c	;volatile
   204                           
   205                           ;lab9.c: 51:                             _delay((unsigned long)((50)*(200000/4000.0)));
   206  007BB8  0E00               	movlw	0
   207  007BBA  6E07               	movwf	(main@i+1)^0,c
   208  007BBC  0E00               	movlw	0
   209  007BBE  6E06               	movwf	main@i^0,c
   210                           
   211                           ;lab9.c: 53:                         }
   212  007BC0  0E00               	movlw	0
   213  007BC2  6E07               	movwf	(main@i+1)^0,c
   214  007BC4  0E01               	movlw	1
   215  007BC6  6E06               	movwf	main@i^0,c
   216  007BC8                     l742:
   217                           
   218                           ;lab9.c: 54:                     }
   219  007BC8  0404               	decf	main@rec^0,w,c
   220  007BCA  1005               	iorwf	(main@rec+1)^0,w,c
   221  007BCC  A4D8               	btfss	status,2,c
   222  007BCE  EFEB  F03D         	goto	u21
   223  007BD2  EFED  F03D         	goto	u20
   224  007BD6                     u21:
   225  007BD6  EF59  F03E         	goto	l780
   226  007BDA                     u20:
   227  007BDA                     
   228                           ;lab9.c: 55:                 }
   229  007BDA  0E30               	movlw	48
   230  007BDC  12BD               	iorwf	189,f,c	;volatile
   231  007BDE                     
   232                           ;lab9.c: 56: 
   233  007BDE  C006  FFBE         	movff	main@i,4030	;volatile
   234                           
   235                           ;lab9.c: 57:                 else{
   236  007BE2  0E00               	movlw	0
   237  007BE4  6E09               	movwf	(main@j+1)^0,c
   238  007BE6  0E00               	movlw	0
   239  007BE8  6E08               	movwf	main@j^0,c
   240  007BEA                     l752:
   241                           
   242                           ;lab9.c: 58:                     CCP1CONbits.DC1B = 0b00;
   243  007BEA  5008               	movf	main@j^0,w,c
   244  007BEC  1009               	iorwf	(main@j+1)^0,w,c
   245  007BEE  A4D8               	btfss	status,2,c
   246  007BF0  EFFC  F03D         	goto	u31
   247  007BF4  EFFE  F03D         	goto	u30
   248  007BF8                     u31:
   249  007BF8  EF09  F03E         	goto	l758
   250  007BFC                     u30:
   251  007BFC                     
   252                           ;lab9.c: 59:                     CCPR1L=i;
   253  007BFC  0E04               	movlw	4
   254  007BFE  6E01               	movwf	??_main^0,c
   255  007C00  0E3E               	movlw	62
   256  007C02                     u147:
   257  007C02  2EE8               	decfsz	wreg,f,c
   258  007C04  D7FE               	bra	u147
   259  007C06  2E01               	decfsz	??_main^0,f,c
   260  007C08  D7FC               	bra	u147
   261  007C0A                     
   262                           ;lab9.c: 60:                     for(j=0;j<4;j++){
   263  007C0A  0ECF               	movlw	-49
   264  007C0C  16BD               	andwf	189,f,c	;volatile
   265                           
   266                           ;lab9.c: 61:                         if(j==0){
   267  007C0E  EF34  F03E         	goto	l770
   268  007C12                     l758:
   269  007C12  0408               	decf	main@j^0,w,c
   270  007C14  1009               	iorwf	(main@j+1)^0,w,c
   271  007C16  A4D8               	btfss	status,2,c
   272  007C18  EF10  F03E         	goto	u41
   273  007C1C  EF12  F03E         	goto	u40
   274  007C20                     u41:
   275  007C20  EF1F  F03E         	goto	l764
   276  007C24                     u40:
   277  007C24                     
   278                           ;lab9.c: 63:                             CCP1CONbits.DC1B = 0b00;
   279  007C24  0E04               	movlw	4
   280  007C26  6E01               	movwf	??_main^0,c
   281  007C28  0E3E               	movlw	62
   282  007C2A                     u157:
   283  007C2A  2EE8               	decfsz	wreg,f,c
   284  007C2C  D7FE               	bra	u157
   285  007C2E  2E01               	decfsz	??_main^0,f,c
   286  007C30  D7FC               	bra	u157
   287  007C32                     
   288                           ;lab9.c: 64:                         }
   289  007C32  50BD               	movf	189,w,c	;volatile
   290  007C34  0BCF               	andlw	-49
   291  007C36  0910               	iorlw	16
   292  007C38  6EBD               	movwf	189,c	;volatile
   293                           
   294                           ;lab9.c: 65:                         else if(j==1){
   295  007C3A  EF34  F03E         	goto	l770
   296  007C3E                     l764:
   297  007C3E  0E02               	movlw	2
   298  007C40  1808               	xorwf	main@j^0,w,c
   299  007C42  1009               	iorwf	(main@j+1)^0,w,c
   300  007C44  A4D8               	btfss	status,2,c
   301  007C46  EF27  F03E         	goto	u51
   302  007C4A  EF29  F03E         	goto	u50
   303  007C4E                     u51:
   304  007C4E  EF34  F03E         	goto	l770
   305  007C52                     u50:
   306  007C52                     
   307                           ;lab9.c: 67:                             CCP1CONbits.DC1B = 0b01;
   308  007C52  0E04               	movlw	4
   309  007C54  6E01               	movwf	??_main^0,c
   310  007C56  0E3E               	movlw	62
   311  007C58                     u167:
   312  007C58  2EE8               	decfsz	wreg,f,c
   313  007C5A  D7FE               	bra	u167
   314  007C5C  2E01               	decfsz	??_main^0,f,c
   315  007C5E  D7FC               	bra	u167
   316  007C60                     
   317                           ;lab9.c: 68:                         }
   318  007C60  50BD               	movf	189,w,c	;volatile
   319  007C62  0BCF               	andlw	-49
   320  007C64  0920               	iorlw	32
   321  007C66  6EBD               	movwf	189,c	;volatile
   322  007C68                     l770:
   323                           
   324                           ;lab9.c: 70:                             _delay((unsigned long)((50)*(200000/4000.0)));
   325  007C68  0E03               	movlw	3
   326  007C6A  1808               	xorwf	main@j^0,w,c
   327  007C6C  1009               	iorwf	(main@j+1)^0,w,c
   328  007C6E  A4D8               	btfss	status,2,c
   329  007C70  EF3C  F03E         	goto	u61
   330  007C74  EF3E  F03E         	goto	u60
   331  007C78                     u61:
   332  007C78  EF47  F03E         	goto	l776
   333  007C7C                     u60:
   334  007C7C                     
   335                           ;lab9.c: 71:                             CCP1CONbits.DC1B = 0b10;
   336  007C7C  0E04               	movlw	4
   337  007C7E  6E01               	movwf	??_main^0,c
   338  007C80  0E3E               	movlw	62
   339  007C82                     u177:
   340  007C82  2EE8               	decfsz	wreg,f,c
   341  007C84  D7FE               	bra	u177
   342  007C86  2E01               	decfsz	??_main^0,f,c
   343  007C88  D7FC               	bra	u177
   344  007C8A                     
   345                           ;lab9.c: 72:                         }
   346  007C8A  0E30               	movlw	48
   347  007C8C  12BD               	iorwf	189,f,c	;volatile
   348  007C8E                     l776:
   349                           
   350                           ;lab9.c: 74:                         _delay((unsigned long)((100)*(200000/4000.0)));
   351  007C8E  4A08               	infsnz	main@j^0,f,c
   352  007C90  2A09               	incf	(main@j+1)^0,f,c
   353  007C92  BE09               	btfsc	(main@j+1)^0,7,c
   354  007C94  EF55  F03E         	goto	u71
   355  007C98  5009               	movf	(main@j+1)^0,w,c
   356  007C9A  E109               	bnz	u70
   357  007C9C  0E04               	movlw	4
   358  007C9E  5C08               	subwf	main@j^0,w,c
   359  007CA0  A0D8               	btfss	status,0,c
   360  007CA2  EF55  F03E         	goto	u71
   361  007CA6  EF57  F03E         	goto	u70
   362  007CAA                     u71:
   363  007CAA  EFF5  F03D         	goto	l752
   364  007CAE                     u70:
   365  007CAE  EFC4  F03E         	goto	l816
   366  007CB2                     l780:
   367                           
   368                           ;lab9.c: 78:                 }
   369  007CB2  0ECF               	movlw	-49
   370  007CB4  16BD               	andwf	189,f,c	;volatile
   371  007CB6                     
   372                           ;lab9.c: 79:             }
   373  007CB6  C006  FFBE         	movff	main@i,4030	;volatile
   374                           
   375                           ;lab9.c: 80:              CCP1CONbits.DC1B = 0b11;
   376  007CBA  0E00               	movlw	0
   377  007CBC  6E09               	movwf	(main@j+1)^0,c
   378  007CBE  0E00               	movlw	0
   379  007CC0  6E08               	movwf	main@j^0,c
   380  007CC2                     l788:
   381                           
   382                           ;lab9.c: 81:              rec = 1;
   383  007CC2  5008               	movf	main@j^0,w,c
   384  007CC4  1009               	iorwf	(main@j+1)^0,w,c
   385  007CC6  A4D8               	btfss	status,2,c
   386  007CC8  EF68  F03E         	goto	u81
   387  007CCC  EF6A  F03E         	goto	u80
   388  007CD0                     u81:
   389  007CD0  EF75  F03E         	goto	l794
   390  007CD4                     u80:
   391  007CD4                     
   392                           ;lab9.c: 82:              CCPR1L=1;
   393  007CD4  0E04               	movlw	4
   394  007CD6  6E01               	movwf	??_main^0,c
   395  007CD8  0E3E               	movlw	62
   396  007CDA                     u187:
   397  007CDA  2EE8               	decfsz	wreg,f,c
   398  007CDC  D7FE               	bra	u187
   399  007CDE  2E01               	decfsz	??_main^0,f,c
   400  007CE0  D7FC               	bra	u187
   401  007CE2                     
   402                           ;lab9.c: 83: 
   403  007CE2  0ECF               	movlw	-49
   404  007CE4  16BD               	andwf	189,f,c	;volatile
   405                           
   406                           ;lab9.c: 84: 
   407  007CE6  EFA0  F03E         	goto	l806
   408  007CEA                     l794:
   409  007CEA  0408               	decf	main@j^0,w,c
   410  007CEC  1009               	iorwf	(main@j+1)^0,w,c
   411  007CEE  A4D8               	btfss	status,2,c
   412  007CF0  EF7C  F03E         	goto	u91
   413  007CF4  EF7E  F03E         	goto	u90
   414  007CF8                     u91:
   415  007CF8  EF8B  F03E         	goto	l800
   416  007CFC                     u90:
   417  007CFC  0E04               	movlw	4
   418  007CFE  6E01               	movwf	??_main^0,c
   419  007D00  0E3E               	movlw	62
   420  007D02                     u197:
   421  007D02  2EE8               	decfsz	wreg,f,c
   422  007D04  D7FE               	bra	u197
   423  007D06  2E01               	decfsz	??_main^0,f,c
   424  007D08  D7FC               	bra	u197
   425  007D0A  50BD               	movf	189,w,c	;volatile
   426  007D0C  0BCF               	andlw	-49
   427  007D0E  0910               	iorlw	16
   428  007D10  6EBD               	movwf	189,c	;volatile
   429  007D12  EFA0  F03E         	goto	l806
   430  007D16                     l800:
   431  007D16  0E02               	movlw	2
   432  007D18  1808               	xorwf	main@j^0,w,c
   433  007D1A  1009               	iorwf	(main@j+1)^0,w,c
   434  007D1C  A4D8               	btfss	status,2,c
   435  007D1E  EF93  F03E         	goto	u101
   436  007D22  EF95  F03E         	goto	u100
   437  007D26                     u101:
   438  007D26  EFA0  F03E         	goto	l806
   439  007D2A                     u100:
   440  007D2A  0E04               	movlw	4
   441  007D2C  6E01               	movwf	??_main^0,c
   442  007D2E  0E3E               	movlw	62
   443  007D30                     u207:
   444  007D30  2EE8               	decfsz	wreg,f,c
   445  007D32  D7FE               	bra	u207
   446  007D34  2E01               	decfsz	??_main^0,f,c
   447  007D36  D7FC               	bra	u207
   448  007D38  50BD               	movf	189,w,c	;volatile
   449  007D3A  0BCF               	andlw	-49
   450  007D3C  0920               	iorlw	32
   451  007D3E  6EBD               	movwf	189,c	;volatile
   452  007D40                     l806:
   453  007D40  0E03               	movlw	3
   454  007D42  1808               	xorwf	main@j^0,w,c
   455  007D44  1009               	iorwf	(main@j+1)^0,w,c
   456  007D46  A4D8               	btfss	status,2,c
   457  007D48  EFA8  F03E         	goto	u111
   458  007D4C  EFAA  F03E         	goto	u110
   459  007D50                     u111:
   460  007D50  EFB4  F03E         	goto	l812
   461  007D54                     u110:
   462  007D54  0E07               	movlw	7
   463  007D56  6E01               	movwf	??_main^0,c
   464  007D58  0E7D               	movlw	125
   465  007D5A                     u217:
   466  007D5A  2EE8               	decfsz	wreg,f,c
   467  007D5C  D7FE               	bra	u217
   468  007D5E  2E01               	decfsz	??_main^0,f,c
   469  007D60  D7FC               	bra	u217
   470  007D62  F000               	nop	
   471  007D64  0E30               	movlw	48
   472  007D66  12BD               	iorwf	189,f,c	;volatile
   473  007D68                     l812:
   474  007D68  4A08               	infsnz	main@j^0,f,c
   475  007D6A  2A09               	incf	(main@j+1)^0,f,c
   476  007D6C  BE09               	btfsc	(main@j+1)^0,7,c
   477  007D6E  EFC2  F03E         	goto	u121
   478  007D72  5009               	movf	(main@j+1)^0,w,c
   479  007D74  E109               	bnz	u120
   480  007D76  0E04               	movlw	4
   481  007D78  5C08               	subwf	main@j^0,w,c
   482  007D7A  A0D8               	btfss	status,0,c
   483  007D7C  EFC2  F03E         	goto	u121
   484  007D80  EFC4  F03E         	goto	u120
   485  007D84                     u121:
   486  007D84  EF61  F03E         	goto	l788
   487  007D88                     u120:
   488  007D88                     l816:
   489  007D88  4A06               	infsnz	main@i^0,f,c
   490  007D8A  2A07               	incf	(main@i+1)^0,f,c
   491  007D8C  BE07               	btfsc	(main@i+1)^0,7,c
   492  007D8E  EFD2  F03E         	goto	u131
   493  007D92  5007               	movf	(main@i+1)^0,w,c
   494  007D94  E109               	bnz	u130
   495  007D96  0E13               	movlw	19
   496  007D98  5C06               	subwf	main@i^0,w,c
   497  007D9A  A0D8               	btfss	status,0,c
   498  007D9C  EFD2  F03E         	goto	u131
   499  007DA0  EFD4  F03E         	goto	u130
   500  007DA4                     u131:
   501  007DA4  EFE4  F03D         	goto	l742
   502  007DA8                     u130:
   503  007DA8  0E30               	movlw	48
   504  007DAA  12BD               	iorwf	189,f,c	;volatile
   505  007DAC  0E00               	movlw	0
   506  007DAE  6E05               	movwf	(main@rec+1)^0,c
   507  007DB0  0E01               	movlw	1
   508  007DB2  6E04               	movwf	main@rec^0,c
   509  007DB4  0E01               	movlw	1
   510  007DB6  6EBE               	movwf	190,c	;volatile
   511  007DB8  EFD2  F03D         	goto	l734
   512  007DBC  EF00  F000         	goto	start
   513  007DC0                     __end_of_main:
   514                           	callstack 0
   515  0000                     
   516                           	psect	rparam
   517  0000                     
   518                           	psect	idloc
   519                           
   520                           ;Config register IDLOC0 @ 0x200000
   521                           ;	unspecified, using default values
   522  200000                     	org	2097152
   523  200000  FF                 	db	255
   524                           
   525                           ;Config register IDLOC1 @ 0x200001
   526                           ;	unspecified, using default values
   527  200001                     	org	2097153
   528  200001  FF                 	db	255
   529                           
   530                           ;Config register IDLOC2 @ 0x200002
   531                           ;	unspecified, using default values
   532  200002                     	org	2097154
   533  200002  FF                 	db	255
   534                           
   535                           ;Config register IDLOC3 @ 0x200003
   536                           ;	unspecified, using default values
   537  200003                     	org	2097155
   538  200003  FF                 	db	255
   539                           
   540                           ;Config register IDLOC4 @ 0x200004
   541                           ;	unspecified, using default values
   542  200004                     	org	2097156
   543  200004  FF                 	db	255
   544                           
   545                           ;Config register IDLOC5 @ 0x200005
   546                           ;	unspecified, using default values
   547  200005                     	org	2097157
   548  200005  FF                 	db	255
   549                           
   550                           ;Config register IDLOC6 @ 0x200006
   551                           ;	unspecified, using default values
   552  200006                     	org	2097158
   553  200006  FF                 	db	255
   554                           
   555                           ;Config register IDLOC7 @ 0x200007
   556                           ;	unspecified, using default values
   557  200007                     	org	2097159
   558  200007  FF                 	db	255
   559                           
   560                           	psect	config
   561                           
   562                           ; Padding undefined space
   563  300000                     	org	3145728
   564  300000  FF                 	db	255
   565                           
   566                           ;Config register CONFIG1H @ 0x300001
   567                           ;	Oscillator Selection bits
   568                           ;	OSC = INTIO67, Internal oscillator block, port function on RA6 and RA7
   569                           ;	Fail-Safe Clock Monitor Enable bit
   570                           ;	FCMEN = 0x0, unprogrammed default
   571                           ;	Internal/External Oscillator Switchover bit
   572                           ;	IESO = 0x0, unprogrammed default
   573  300001                     	org	3145729
   574  300001  08                 	db	8
   575                           
   576                           ;Config register CONFIG2L @ 0x300002
   577                           ;	Power-up Timer Enable bit
   578                           ;	PWRT = OFF, PWRT disabled
   579                           ;	Brown-out Reset Enable bits
   580                           ;	BOREN = ON, Brown-out Reset enabled and controlled by software (SBOREN is enabled)
   581                           ;	Brown Out Reset Voltage bits
   582                           ;	BORV = 0x3, unprogrammed default
   583  300002                     	org	3145730
   584  300002  1B                 	db	27
   585                           
   586                           ;Config register CONFIG2H @ 0x300003
   587                           ;	Watchdog Timer Enable bit
   588                           ;	WDT = OFF, WDT disabled (control is placed on the SWDTEN bit)
   589                           ;	Watchdog Timer Postscale Select bits
   590                           ;	WDTPS = 0xF, unprogrammed default
   591  300003                     	org	3145731
   592  300003  1E                 	db	30
   593                           
   594                           ; Padding undefined space
   595  300004                     	org	3145732
   596  300004  FF                 	db	255
   597                           
   598                           ;Config register CONFIG3H @ 0x300005
   599                           ;	CCP2 MUX bit
   600                           ;	CCP2MX = 0x1, unprogrammed default
   601                           ;	PORTB A/D Enable bit
   602                           ;	PBADEN = OFF, PORTB<4:0> pins are configured as digital I/O on Reset
   603                           ;	Low-Power Timer1 Oscillator Enable bit
   604                           ;	LPT1OSC = 0x0, unprogrammed default
   605                           ;	MCLR Pin Enable bit
   606                           ;	MCLRE = 0x1, unprogrammed default
   607  300005                     	org	3145733
   608  300005  81                 	db	129
   609                           
   610                           ;Config register CONFIG4L @ 0x300006
   611                           ;	Stack Full/Underflow Reset Enable bit
   612                           ;	STVREN = 0x1, unprogrammed default
   613                           ;	Single-Supply ICSP Enable bit
   614                           ;	LVP = OFF, Single-Supply ICSP disabled
   615                           ;	Extended Instruction Set Enable bit
   616                           ;	XINST = 0x0, unprogrammed default
   617                           ;	Background Debugger Enable bit
   618                           ;	DEBUG = 0x1, unprogrammed default
   619  300006                     	org	3145734
   620  300006  81                 	db	129
   621                           
   622                           ; Padding undefined space
   623  300007                     	org	3145735
   624  300007  FF                 	db	255
   625                           
   626                           ;Config register CONFIG5L @ 0x300008
   627                           ;	unspecified, using default values
   628                           ;	Code Protection bit
   629                           ;	CP0 = 0x1, unprogrammed default
   630                           ;	Code Protection bit
   631                           ;	CP1 = 0x1, unprogrammed default
   632                           ;	Code Protection bit
   633                           ;	CP2 = 0x1, unprogrammed default
   634                           ;	Code Protection bit
   635                           ;	CP3 = 0x1, unprogrammed default
   636  300008                     	org	3145736
   637  300008  0F                 	db	15
   638                           
   639                           ;Config register CONFIG5H @ 0x300009
   640                           ;	Boot Block Code Protection bit
   641                           ;	CPB = 0x1, unprogrammed default
   642                           ;	Data EEPROM Code Protection bit
   643                           ;	CPD = OFF, Data EEPROM not code-protected
   644  300009                     	org	3145737
   645  300009  C0                 	db	192
   646                           
   647                           ;Config register CONFIG6L @ 0x30000A
   648                           ;	unspecified, using default values
   649                           ;	Write Protection bit
   650                           ;	WRT0 = 0x1, unprogrammed default
   651                           ;	Write Protection bit
   652                           ;	WRT1 = 0x1, unprogrammed default
   653                           ;	Write Protection bit
   654                           ;	WRT2 = 0x1, unprogrammed default
   655                           ;	Write Protection bit
   656                           ;	WRT3 = 0x1, unprogrammed default
   657  30000A                     	org	3145738
   658  30000A  0F                 	db	15
   659                           
   660                           ;Config register CONFIG6H @ 0x30000B
   661                           ;	unspecified, using default values
   662                           ;	Configuration Register Write Protection bit
   663                           ;	WRTC = 0x1, unprogrammed default
   664                           ;	Boot Block Write Protection bit
   665                           ;	WRTB = 0x1, unprogrammed default
   666                           ;	Data EEPROM Write Protection bit
   667                           ;	WRTD = 0x1, unprogrammed default
   668  30000B                     	org	3145739
   669  30000B  E0                 	db	224
   670                           
   671                           ;Config register CONFIG7L @ 0x30000C
   672                           ;	unspecified, using default values
   673                           ;	Table Read Protection bit
   674                           ;	EBTR0 = 0x1, unprogrammed default
   675                           ;	Table Read Protection bit
   676                           ;	EBTR1 = 0x1, unprogrammed default
   677                           ;	Table Read Protection bit
   678                           ;	EBTR2 = 0x1, unprogrammed default
   679                           ;	Table Read Protection bit
   680                           ;	EBTR3 = 0x1, unprogrammed default
   681  30000C                     	org	3145740
   682  30000C  0F                 	db	15
   683                           
   684                           ;Config register CONFIG7H @ 0x30000D
   685                           ;	unspecified, using default values
   686                           ;	Boot Block Table Read Protection bit
   687                           ;	EBTRB = 0x1, unprogrammed default
   688  30000D                     	org	3145741
   689  30000D  40                 	db	64
   690                           tosu	equ	0xFFF
   691                           tosh	equ	0xFFE
   692                           tosl	equ	0xFFD
   693                           stkptr	equ	0xFFC
   694                           pclatu	equ	0xFFB
   695                           pclath	equ	0xFFA
   696                           pcl	equ	0xFF9
   697                           tblptru	equ	0xFF8
   698                           tblptrh	equ	0xFF7
   699                           tblptrl	equ	0xFF6
   700                           tablat	equ	0xFF5
   701                           prodh	equ	0xFF4
   702                           prodl	equ	0xFF3
   703                           indf0	equ	0xFEF
   704                           postinc0	equ	0xFEE
   705                           postdec0	equ	0xFED
   706                           preinc0	equ	0xFEC
   707                           plusw0	equ	0xFEB
   708                           fsr0h	equ	0xFEA
   709                           fsr0l	equ	0xFE9
   710                           wreg	equ	0xFE8
   711                           indf1	equ	0xFE7
   712                           postinc1	equ	0xFE6
   713                           postdec1	equ	0xFE5
   714                           preinc1	equ	0xFE4
   715                           plusw1	equ	0xFE3
   716                           fsr1h	equ	0xFE2
   717                           fsr1l	equ	0xFE1
   718                           bsr	equ	0xFE0
   719                           indf2	equ	0xFDF
   720                           postinc2	equ	0xFDE
   721                           postdec2	equ	0xFDD
   722                           preinc2	equ	0xFDC
   723                           plusw2	equ	0xFDB
   724                           fsr2h	equ	0xFDA
   725                           fsr2l	equ	0xFD9
   726                           status	equ	0xFD8

Data Sizes:
    Strings     0
    Constant    0
    Data        0
    BSS         0
    Persistent  0
    Stack       0

Auto Spaces:
    Space          Size  Autos    Used
    COMRAM          127      9       9
    BANK0           128      0       0
    BANK1           256      0       0
    BANK2           256      0       0
    BANK3           256      0       0
    BANK4           256      0       0
    BANK5           244      0       0

Pointer List with Targets:

    None.

Critical Paths under _main in COMRAM

    None.

Critical Paths under _main in BANK0

    None.

Critical Paths under _main in BANK1

    None.

Critical Paths under _main in BANK2

    None.

Critical Paths under _main in BANK3

    None.

Critical Paths under _main in BANK4

    None.

Critical Paths under _main in BANK5

    None.

Call Graph Tables:

 ---------------------------------------------------------------------------------
 (Depth) Function   	        Calls       Base Space   Used Autos Params    Refs
 ---------------------------------------------------------------------------------
 (0) _main                                                 9     9      0     255
                                              0 COMRAM     9     9      0
 ---------------------------------------------------------------------------------
 Estimated maximum stack depth 0
 ---------------------------------------------------------------------------------

 Call Graph Graphs:

 _main (ROOT)

 Address spaces:
Name               Size   Autos  Total    Cost      Usage
BITCOMRAM           7F      0       0       0        0.0%
EEDATA             100      0       0       0        0.0%
NULL                 0      0       0       0        0.0%
CODE                 0      0       0       0        0.0%
COMRAM              7F      9       9       1        7.1%
STACK                0      0       0       2        0.0%
BITBANK0            80      0       0       3        0.0%
BANK0               80      0       0       4        0.0%
BITBANK1           100      0       0       5        0.0%
BANK1              100      0       0       6        0.0%
BITBANK2           100      0       0       7        0.0%
BANK2              100      0       0       8        0.0%
BITBANK3           100      0       0       9        0.0%
BANK3              100      0       0      10        0.0%
BITBANK4           100      0       0      11        0.0%
BANK4              100      0       0      12        0.0%
BANK5               F4      0       0      13        0.0%
ABS                  0      0       0      14        0.0%
BITBANK5            F4      0       0      15        0.0%
BIGRAM             5F3      0       0      16        0.0%
DATA                 0      0       0      17        0.0%
BITSFR_5             0      0       0     200        0.0%
SFR_5                0      0       0     200        0.0%
BITSFR_4             0      0       0     200        0.0%
SFR_4                0      0       0     200        0.0%
BITSFR_3             0      0       0     200        0.0%
SFR_3                0      0       0     200        0.0%
BITSFR_2             0      0       0     200        0.0%
SFR_2                0      0       0     200        0.0%
BITSFR_1             0      0       0     200        0.0%
SFR_1                0      0       0     200        0.0%
BITSFR               0      0       0     200        0.0%
SFR                  0      0       0     200        0.0%


Microchip Technology PIC18 Macro Assembler V2.30 build 20200825195618 
Symbol Table                                                                                   Wed Jan 06 22:03:32 2021

                     u10 7BB4                       u11 7BB0                       u20 7BDA  
                     u21 7BD6                       u30 7BFC                       u31 7BF8  
                     u40 7C24                       u41 7C20                       u50 7C52  
                     u51 7C4E                       u60 7C7C                       u61 7C78  
                     u70 7CAE                       u71 7CAA                       u80 7CD4  
                     u81 7CD0                       u90 7CFC                       u91 7CF8  
                    l800 7D16                      l810 7D64                      l802 7D2A  
                    l730 7B6A                      l820 7DA8                      l812 7D68  
                    l804 7D38                      l732 7B8E                      l814 7D6C  
                    l806 7D40                      l742 7BC8                      l734 7BA4  
                    l808 7D54                      l816 7D88                      l760 7C24  
                    l752 7BEA                      l744 7BDA                      l736 7BB4  
                    l818 7D8C                      l762 7C32                      l770 7C68  
                    l754 7BFC                      l746 7BDE                      l772 7C7C  
                    l764 7C3E                      l756 7C0A                      l780 7CB2  
                    l790 7CD4                      l782 7CB6                      l774 7C8A  
                    l766 7C52                      l758 7C12                      l792 7CE2  
                    l776 7C8E                      l768 7C60                      l794 7CEA  
                    l778 7C92                      l796 7CFC                      l788 7CC2  
                    l798 7D0A                      u100 7D2A                      u101 7D26  
                    u110 7D54                      u111 7D50                      u120 7D88  
                    u121 7D84                      u130 7DA8                      u131 7DA4  
                    u207 7D30                      u217 7D5A                      u147 7C02  
                    u157 7C2A                      _PR2 000FCB                      u167 7C58  
                    u177 7C82                      u187 7CDA                      u197 7D02  
                    wreg 000FE8                     _LATC 000F8B                     _main 7B6A  
                   start 0000             ___param_bank 000000                    ?_main 0001  
                  _T2CON 000FCA                    _PORTB 000F81                    _TRISB 000F93  
                  _TRISC 000F94                    main@i 0006                    main@j 0008  
                  status 000FD8          __initialization 7B64             __end_of_main 7DC0  
                 ??_main 0001            __activetblptr 000000                   _CCPR1L 000FBE  
             __accesstop 0080  __end_of__initialization 7B64            ___rparam_used 000001  
         __pcstackCOMRAM 0001                  __Hparam 0000                  __Lparam 0000  
                __pcinit 7B64                  __ramtop 0600                  __ptext0 7B6A  
                main@rec 0004     end_of_initialization 7B64                _PORTBbits 000F81  
            _CCP1CONbits 000FBD      start_initialization 7B64                 __Hrparam 0000  
               __Lrparam 0000            __size_of_main 0256               _OSCCONbits 000FD3  
